<?xml version="1.0" encoding="UTF-8"?>
<testsuite name="CoinCombinationsTest" tests="1" skipped="0" failures="0" errors="0" timestamp="2015-08-13T22:34:58" hostname="epicodus-115.local" time="0.002">
  <properties/>
  <testcase name="isChangeReturning_CorrectQuarters_true" classname="CoinCombinationsTest" time="0.002"/>
  <system-out><![CDATA[please enter the change amount you want converted!
]]></system-out>
  <system-err><![CDATA[]]></system-err>
</testsuite>
